<?xml version="1.0" encoding="UTF-8" ?>
<testsuite tests="1" failures="0" name="com.btm.budget.DatabaseHTest" time="0.311" errors="1" skipped="0">
  <properties>
[...]
</properties>
  <testcase classname="com.btm.budget.DatabaseHTest" name="testGetSessionFactory" time="0.31">
    <error type="java.lang.ExceptionInInitializerError">java.lang.ExceptionInInitializerError
	at com.btm.budget.DatabaseH.&lt;clinit&gt;(DatabaseH.java:42)
	at com.btm.budget.DatabaseHTest.testGetSessionFactory(DatabaseHTest.java:52)
	at sun.reflect.NativeMethodAccessorImpl.invoke0(Native Method)
	at sun.reflect.NativeMethodAccessorImpl.invoke(NativeMethodAccessorImpl.java:62)
	at sun.reflect.DelegatingMethodAccessorImpl.invoke(DelegatingMethodAccessorImpl.java:43)
	at java.lang.reflect.Method.invoke(Method.java:483)
	at org.junit.runners.model.FrameworkMethod$1.runReflectiveCall(FrameworkMethod.java:45)
	at org.junit.internal.runners.model.ReflectiveCallable.run(ReflectiveCallable.java:15)
	at org.junit.runners.model.FrameworkMethod.invokeExplosively(FrameworkMethod.java:42)
	at org.junit.internal.runners.statements.InvokeMethod.evaluate(InvokeMethod.java:20)
	at org.junit.internal.runners.statements.RunBefores.evaluate(RunBefores.java:28)
	at org.junit.internal.runners.statements.RunAfters.evaluate(RunAfters.java:30)
	at org.junit.runners.ParentRunner.runLeaf(ParentRunner.java:263)
	at org.junit.runners.BlockJUnit4ClassRunner.runChild(BlockJUnit4ClassRunner.java:68)
	at org.junit.runners.BlockJUnit4ClassRunner.runChild(BlockJUnit4ClassRunner.java:47)
	at org.junit.runners.ParentRunner$3.run(ParentRunner.java:231)
	at org.junit.runners.ParentRunner$1.schedule(ParentRunner.java:60)
	at org.junit.runners.ParentRunner.runChildren(ParentRunner.java:229)
	at org.junit.runners.ParentRunner.access$000(ParentRunner.java:50)
	at org.junit.runners.ParentRunner$2.evaluate(ParentRunner.java:222)
	at org.junit.internal.runners.statements.RunBefores.evaluate(RunBefores.java:28)
	at org.junit.internal.runners.statements.RunAfters.evaluate(RunAfters.java:30)
	at org.junit.runners.ParentRunner.run(ParentRunner.java:300)
	at org.apache.maven.surefire.junit4.JUnit4TestSet.execute(JUnit4TestSet.java:53)
	at org.apache.maven.surefire.junit4.JUnit4Provider.executeTestSet(JUnit4Provider.java:123)
	at org.apache.maven.surefire.junit4.JUnit4Provider.invoke(JUnit4Provider.java:104)
	at sun.reflect.NativeMethodAccessorImpl.invoke0(Native Method)
	at sun.reflect.NativeMethodAccessorImpl.invoke(NativeMethodAccessorImpl.java:62)
	at sun.reflect.DelegatingMethodAccessorImpl.invoke(DelegatingMethodAccessorImpl.java:43)
	at java.lang.reflect.Method.invoke(Method.java:483)
	at org.apache.maven.surefire.util.ReflectionUtils.invokeMethodWithArray(ReflectionUtils.java:164)
	at org.apache.maven.surefire.booter.ProviderFactory$ProviderProxy.invoke(ProviderFactory.java:110)
	at org.apache.maven.surefire.booter.SurefireStarter.invokeProvider(SurefireStarter.java:175)
	at org.apache.maven.surefire.booter.SurefireStarter.runSuitesInProcessWhenForked(SurefireStarter.java:107)
	at org.apache.maven.surefire.booter.ForkedBooter.main(ForkedBooter.java:68)
Caused by: org.hibernate.HibernateException: could not find file: C:\Users\STEL\Documents\NetBeansProjects\BudgetOnMaven\Budget\src\main\resources\hibernate\hibernate.cfg.xml
	at org.hibernate.cfg.Configuration.configure(Configuration.java:1990)
	at com.btm.budget.DatabaseH.&lt;clinit&gt;(DatabaseH.java:33)
	... 34 more
Caused by: java.io.FileNotFoundException: C:\Users\STEL\Documents\NetBeansProjects\BudgetOnMaven\Budget\src\main\resources\hibernate\hibernate.cfg.xml (Le chemin d’accès spécifié est introuvable)
	at java.io.FileInputStream.open(Native Method)
	at java.io.FileInputStream.&lt;init&gt;(FileInputStream.java:131)
	at org.hibernate.cfg.Configuration.configure(Configuration.java:1987)
	... 35 more
</error>
    <system-out>getSessionFactory
</system-out>
    <system-err>juin 14, 2014 9:14:41 PM org.hibernate.annotations.common.Version &lt;clinit&gt;
INFO: HCANN000001: Hibernate Commons Annotations {4.0.1.Final}
juin 14, 2014 9:14:41 PM org.hibernate.Version logVersion
INFO: HHH000412: Hibernate Core {4.1.4.Final}
juin 14, 2014 9:14:41 PM org.hibernate.cfg.Environment &lt;clinit&gt;
INFO: HHH000206: hibernate.properties not found
juin 14, 2014 9:14:41 PM org.hibernate.cfg.Environment buildBytecodeProvider
INFO: HHH000021: Bytecode provider name : javassist
juin 14, 2014 9:14:41 PM org.hibernate.cfg.Configuration configure
INFO: HHH000042: Configuring from file: hibernate.cfg.xml
Initial SessionFactory creation failed.org.hibernate.HibernateException: could not find file: C:\Users\STEL\Documents\NetBeansProjects\BudgetOnMaven\Budget\src\main\resources\hibernate\hibernate.cfg.xml
</system-err>
  </testcase>
</testsuite>